
 Directory : dec 
jan/server_2016-01-04.log
jan/server_2016-01-07.log
jan/server_2016-01-09.log
jan/server_2016-01-13.log
jan/server_2016-01-14.log
jan/server_2016-01-19.log
jan/server_2016-01-21.log
jan/server_2016-01-23.log
jan/server_2016-01-24.log
jan/server_2016-01-30.log


 Directory : dec 
feb/server_2016-02-01.log
feb/server_2016-02-02.log
feb/server_2016-02-04.log
feb/server_2016-02-10.log
feb/server_2016-02-11.log
feb/server_2016-02-12.log
feb/server_2016-02-15.log
feb/server_2016-02-19.log
feb/server_2016-02-21.log
feb/server_2016-02-22.log
feb/server_2016-02-26.log


 Directory : dec 
mar/server_2016-03-04.log
mar/server_2016-03-05.log
mar/server_2016-03-06.log
mar/server_2016-03-09.log
mar/server_2016-03-10.log
mar/server_2016-03-12.log
mar/server_2016-03-15.log
mar/server_2016-03-16.log
mar/server_2016-03-17.log
mar/server_2016-03-20.log
mar/server_2016-03-22.log
mar/server_2016-03-23.log
mar/server_2016-03-27.log
mar/server_2016-03-29.log
mar/server_2016-03-31.log


 Directory : dec 
apr/server_2016-04-01.log
apr/server_2016-04-03.log
apr/server_2016-04-07.log
apr/server_2016-04-15.log
apr/server_2016-04-16.log
apr/server_2016-04-21.log
apr/server_2016-04-27.log


 Directory : dec 
may/server_2016-05-08.log
may/server_2016-05-10.log
may/server_2016-05-11.log
may/server_2016-05-15.log
may/server_2016-05-16.log
may/server_2016-05-20.log
may/server_2016-05-21.log
may/server_2016-05-24.log
may/server_2016-05-25.log
may/server_2016-05-27.log
may/server_2016-05-29.log


 Directory : dec 
jun/server_2016-06-03.log
jun/server_2016-06-10.log
jun/server_2016-06-14.log
jun/server_2016-06-16.log
jun/server_2016-06-19.log
jun/server_2016-06-24.log
jun/server_2016-06-26.log


 Directory : dec 
jul/server_2016-07-03.log
jul/server_2016-07-06.log
jul/server_2016-07-07.log
jul/server_2016-07-08.log
jul/server_2016-07-10.log
jul/server_2016-07-11.log
jul/server_2016-07-16.log
jul/server_2016-07-21.log
jul/server_2016-07-22.log
jul/server_2016-07-25.log
jul/server_2016-07-26.log
jul/server_2016-07-27.log
jul/server_2016-07-30.log


 Directory : dec 
aug/server_2016-08-02.log
aug/server_2016-08-07.log
aug/server_2016-08-08.log
aug/server_2016-08-10.log
aug/server_2016-08-13.log
aug/server_2016-08-15.log
aug/server_2016-08-21.log
aug/server_2016-08-24.log
aug/server_2016-08-25.log
aug/server_2016-08-29.log


 Directory : dec 
sep/server_2016-09-01.log
sep/server_2016-09-03.log
sep/server_2016-09-08.log
sep/server_2016-09-09.log
sep/server_2016-09-10.log
sep/server_2016-09-13.log
sep/server_2016-09-15.log
sep/server_2016-09-23.log
sep/server_2016-09-26.log
sep/server_2016-09-27.log


 Directory : dec 
oct/server_2016-10-03.log
oct/server_2016-10-05.log
oct/server_2016-10-09.log
oct/server_2016-10-11.log
oct/server_2016-10-22.log
oct/server_2016-10-23.log
oct/server_2016-10-24.log
oct/server_2016-10-25.log


 Directory : dec 
nov/server_2016-11-08.log
nov/server_2016-11-14.log
nov/server_2016-11-17.log
nov/server_2016-11-21.log
nov/server_2016-11-22.log
nov/server_2016-11-23.log
nov/server_2016-11-25.log
nov/server_2016-11-30.log


 Directory : dec 
dec/server_2016-12-01.log
dec/server_2016-12-09.log
dec/server_2016-12-10.log
dec/server_2016-12-18.log
dec/server_2016-12-21.log
dec/server_2016-12-27.log
dec/server_2016-12-28.log


 Directory : jan 
jan/server_2016-01-04.log
jan/server_2016-01-07.log
jan/server_2016-01-09.log
jan/server_2016-01-13.log
jan/server_2016-01-14.log
jan/server_2016-01-19.log
jan/server_2016-01-21.log
jan/server_2016-01-23.log
jan/server_2016-01-24.log
jan/server_2016-01-30.log


 Directory : feb 
feb/server_2016-02-01.log
feb/server_2016-02-02.log
feb/server_2016-02-04.log
feb/server_2016-02-10.log
feb/server_2016-02-11.log
feb/server_2016-02-12.log
feb/server_2016-02-15.log
feb/server_2016-02-19.log
feb/server_2016-02-21.log
feb/server_2016-02-22.log
feb/server_2016-02-26.log


 Directory : mar 
mar/server_2016-03-04.log
mar/server_2016-03-05.log
mar/server_2016-03-06.log
mar/server_2016-03-09.log
mar/server_2016-03-10.log
mar/server_2016-03-12.log
mar/server_2016-03-15.log
mar/server_2016-03-16.log
mar/server_2016-03-17.log
mar/server_2016-03-20.log
mar/server_2016-03-22.log
mar/server_2016-03-23.log
mar/server_2016-03-27.log
mar/server_2016-03-29.log
mar/server_2016-03-31.log


 Directory : apr 
apr/server_2016-04-01.log
apr/server_2016-04-03.log
apr/server_2016-04-07.log
apr/server_2016-04-15.log
apr/server_2016-04-16.log
apr/server_2016-04-21.log
apr/server_2016-04-27.log


 Directory : may 
may/server_2016-05-08.log
may/server_2016-05-10.log
may/server_2016-05-11.log
may/server_2016-05-15.log
may/server_2016-05-16.log
may/server_2016-05-20.log
may/server_2016-05-21.log
may/server_2016-05-24.log
may/server_2016-05-25.log
may/server_2016-05-27.log
may/server_2016-05-29.log


 Directory : jun 
jun/server_2016-06-03.log
jun/server_2016-06-10.log
jun/server_2016-06-14.log
jun/server_2016-06-16.log
jun/server_2016-06-19.log
jun/server_2016-06-24.log
jun/server_2016-06-26.log


 Directory : jul 
jul/server_2016-07-03.log
jul/server_2016-07-06.log
jul/server_2016-07-07.log
jul/server_2016-07-08.log
jul/server_2016-07-10.log
jul/server_2016-07-11.log
jul/server_2016-07-16.log
jul/server_2016-07-21.log
jul/server_2016-07-22.log
jul/server_2016-07-25.log
jul/server_2016-07-26.log
jul/server_2016-07-27.log
jul/server_2016-07-30.log


 Directory : aug 
aug/server_2016-08-02.log
aug/server_2016-08-07.log
aug/server_2016-08-08.log
aug/server_2016-08-10.log
aug/server_2016-08-13.log
aug/server_2016-08-15.log
aug/server_2016-08-21.log
aug/server_2016-08-24.log
aug/server_2016-08-25.log
aug/server_2016-08-29.log


 Directory : sep 
sep/server_2016-09-01.log
sep/server_2016-09-03.log
sep/server_2016-09-08.log
sep/server_2016-09-09.log
sep/server_2016-09-10.log
sep/server_2016-09-13.log
sep/server_2016-09-15.log
sep/server_2016-09-23.log
sep/server_2016-09-26.log
sep/server_2016-09-27.log


 Directory : oct 
oct/server_2016-10-03.log
oct/server_2016-10-05.log
oct/server_2016-10-09.log
oct/server_2016-10-11.log
oct/server_2016-10-22.log
oct/server_2016-10-23.log
oct/server_2016-10-24.log
oct/server_2016-10-25.log


 Directory : nov 
nov/server_2016-11-08.log
nov/server_2016-11-14.log
nov/server_2016-11-17.log
nov/server_2016-11-21.log
nov/server_2016-11-22.log
nov/server_2016-11-23.log
nov/server_2016-11-25.log
nov/server_2016-11-30.log


 Directory : dec 
dec/server_2016-12-01.log
dec/server_2016-12-09.log
dec/server_2016-12-10.log
dec/server_2016-12-18.log
dec/server_2016-12-21.log
dec/server_2016-12-27.log
dec/server_2016-12-28.log


 Directory : jan 
jan/server_2016-01-04.log
jan/server_2016-01-07.log
jan/server_2016-01-09.log
jan/server_2016-01-13.log
jan/server_2016-01-14.log
jan/server_2016-01-19.log
jan/server_2016-01-21.log
jan/server_2016-01-23.log
jan/server_2016-01-24.log
jan/server_2016-01-30.log


 Directory : feb 
feb/server_2016-02-01.log
feb/server_2016-02-02.log
feb/server_2016-02-04.log
feb/server_2016-02-10.log
feb/server_2016-02-11.log
feb/server_2016-02-12.log
feb/server_2016-02-15.log
feb/server_2016-02-19.log
feb/server_2016-02-21.log
feb/server_2016-02-22.log
feb/server_2016-02-26.log


 Directory : mar 
mar/server_2016-03-04.log
mar/server_2016-03-05.log
mar/server_2016-03-06.log
mar/server_2016-03-09.log
mar/server_2016-03-10.log
mar/server_2016-03-12.log
mar/server_2016-03-15.log
mar/server_2016-03-16.log
mar/server_2016-03-17.log
mar/server_2016-03-20.log
mar/server_2016-03-22.log
mar/server_2016-03-23.log
mar/server_2016-03-27.log
mar/server_2016-03-29.log
mar/server_2016-03-31.log


 Directory : apr 
apr/server_2016-04-01.log
apr/server_2016-04-03.log
apr/server_2016-04-07.log
apr/server_2016-04-15.log
apr/server_2016-04-16.log
apr/server_2016-04-21.log
apr/server_2016-04-27.log


 Directory : may 
may/server_2016-05-08.log
may/server_2016-05-10.log
may/server_2016-05-11.log
may/server_2016-05-15.log
may/server_2016-05-16.log
may/server_2016-05-20.log
may/server_2016-05-21.log
may/server_2016-05-24.log
may/server_2016-05-25.log
may/server_2016-05-27.log
may/server_2016-05-29.log


 Directory : jun 
jun/server_2016-06-03.log
jun/server_2016-06-10.log
jun/server_2016-06-14.log
jun/server_2016-06-16.log
jun/server_2016-06-19.log
jun/server_2016-06-24.log
jun/server_2016-06-26.log


 Directory : jul 
jul/server_2016-07-03.log
jul/server_2016-07-06.log
jul/server_2016-07-07.log
jul/server_2016-07-08.log
jul/server_2016-07-10.log
jul/server_2016-07-11.log
jul/server_2016-07-16.log
jul/server_2016-07-21.log
jul/server_2016-07-22.log
jul/server_2016-07-25.log
jul/server_2016-07-26.log
jul/server_2016-07-27.log
jul/server_2016-07-30.log


 Directory : aug 
aug/server_2016-08-02.log
aug/server_2016-08-07.log
aug/server_2016-08-08.log
aug/server_2016-08-10.log
aug/server_2016-08-13.log
aug/server_2016-08-15.log
aug/server_2016-08-21.log
aug/server_2016-08-24.log
aug/server_2016-08-25.log
aug/server_2016-08-29.log


 Directory : sep 
sep/server_2016-09-01.log
sep/server_2016-09-03.log
sep/server_2016-09-08.log
sep/server_2016-09-09.log
sep/server_2016-09-10.log
sep/server_2016-09-13.log
sep/server_2016-09-15.log
sep/server_2016-09-23.log
sep/server_2016-09-26.log
sep/server_2016-09-27.log


 Directory : oct 
oct/server_2016-10-03.log
oct/server_2016-10-05.log
oct/server_2016-10-09.log
oct/server_2016-10-11.log
oct/server_2016-10-22.log
oct/server_2016-10-23.log
oct/server_2016-10-24.log
oct/server_2016-10-25.log


 Directory : nov 
nov/server_2016-11-08.log
nov/server_2016-11-14.log
nov/server_2016-11-17.log
nov/server_2016-11-21.log
nov/server_2016-11-22.log
nov/server_2016-11-23.log
nov/server_2016-11-25.log
nov/server_2016-11-30.log


 Directory : dec 
dec/server_2016-12-01.log
dec/server_2016-12-09.log
dec/server_2016-12-10.log
dec/server_2016-12-18.log
dec/server_2016-12-21.log
dec/server_2016-12-27.log
dec/server_2016-12-28.log


 Directory : jan 
jan/server_2016-01-04.log
jan/server_2016-01-07.log
jan/server_2016-01-09.log
jan/server_2016-01-13.log
jan/server_2016-01-14.log
jan/server_2016-01-19.log
jan/server_2016-01-21.log
jan/server_2016-01-23.log
jan/server_2016-01-24.log
jan/server_2016-01-30.log


 Directory : feb 
feb/server_2016-02-01.log
feb/server_2016-02-02.log
feb/server_2016-02-04.log
feb/server_2016-02-10.log
feb/server_2016-02-11.log
feb/server_2016-02-12.log
feb/server_2016-02-15.log
feb/server_2016-02-19.log
feb/server_2016-02-21.log
feb/server_2016-02-22.log
feb/server_2016-02-26.log


 Directory : mar 
mar/server_2016-03-04.log
mar/server_2016-03-05.log
mar/server_2016-03-06.log
mar/server_2016-03-09.log
mar/server_2016-03-10.log
mar/server_2016-03-12.log
mar/server_2016-03-15.log
mar/server_2016-03-16.log
mar/server_2016-03-17.log
mar/server_2016-03-20.log
mar/server_2016-03-22.log
mar/server_2016-03-23.log
mar/server_2016-03-27.log
mar/server_2016-03-29.log
mar/server_2016-03-31.log


 Directory : apr 
apr/server_2016-04-01.log
apr/server_2016-04-03.log
apr/server_2016-04-07.log
apr/server_2016-04-15.log
apr/server_2016-04-16.log
apr/server_2016-04-21.log
apr/server_2016-04-27.log


 Directory : may 
may/server_2016-05-08.log
may/server_2016-05-10.log
may/server_2016-05-11.log
may/server_2016-05-15.log
may/server_2016-05-16.log
may/server_2016-05-20.log
may/server_2016-05-21.log
may/server_2016-05-24.log
may/server_2016-05-25.log
may/server_2016-05-27.log
may/server_2016-05-29.log


 Directory : jun 
jun/server_2016-06-03.log
jun/server_2016-06-10.log
jun/server_2016-06-14.log
jun/server_2016-06-16.log
jun/server_2016-06-19.log
jun/server_2016-06-24.log
jun/server_2016-06-26.log


 Directory : jul 
jul/server_2016-07-03.log
jul/server_2016-07-06.log
jul/server_2016-07-07.log
jul/server_2016-07-08.log
jul/server_2016-07-10.log
jul/server_2016-07-11.log
jul/server_2016-07-16.log
jul/server_2016-07-21.log
jul/server_2016-07-22.log
jul/server_2016-07-25.log
jul/server_2016-07-26.log
jul/server_2016-07-27.log
jul/server_2016-07-30.log


 Directory : aug 
aug/server_2016-08-02.log
aug/server_2016-08-07.log
aug/server_2016-08-08.log
aug/server_2016-08-10.log
aug/server_2016-08-13.log
aug/server_2016-08-15.log
aug/server_2016-08-21.log
aug/server_2016-08-24.log
aug/server_2016-08-25.log
aug/server_2016-08-29.log


 Directory : sep 
sep/server_2016-09-01.log
sep/server_2016-09-03.log
sep/server_2016-09-08.log
sep/server_2016-09-09.log
sep/server_2016-09-10.log
sep/server_2016-09-13.log
sep/server_2016-09-15.log
sep/server_2016-09-23.log
sep/server_2016-09-26.log
sep/server_2016-09-27.log


 Directory : oct 
oct/server_2016-10-03.log
oct/server_2016-10-05.log
oct/server_2016-10-09.log
oct/server_2016-10-11.log
oct/server_2016-10-22.log
oct/server_2016-10-23.log
oct/server_2016-10-24.log
oct/server_2016-10-25.log


 Directory : nov 
nov/server_2016-11-08.log
nov/server_2016-11-14.log
nov/server_2016-11-17.log
nov/server_2016-11-21.log
nov/server_2016-11-22.log
nov/server_2016-11-23.log
nov/server_2016-11-25.log
nov/server_2016-11-30.log


 Directory : dec 
dec/server_2016-12-01.log
dec/server_2016-12-09.log
dec/server_2016-12-10.log
dec/server_2016-12-18.log
dec/server_2016-12-21.log
dec/server_2016-12-27.log
dec/server_2016-12-28.log


 Directory : jan 
jan/server_2016-01-04.log
jan/server_2016-01-07.log
jan/server_2016-01-09.log
jan/server_2016-01-13.log
jan/server_2016-01-14.log
jan/server_2016-01-19.log
jan/server_2016-01-21.log
jan/server_2016-01-23.log
jan/server_2016-01-24.log
jan/server_2016-01-30.log


 Directory : feb 
feb/server_2016-02-01.log
feb/server_2016-02-02.log
feb/server_2016-02-04.log
feb/server_2016-02-10.log
feb/server_2016-02-11.log
feb/server_2016-02-12.log
feb/server_2016-02-15.log
feb/server_2016-02-19.log
feb/server_2016-02-21.log
feb/server_2016-02-22.log
feb/server_2016-02-26.log


 Directory : mar 
mar/server_2016-03-04.log
mar/server_2016-03-05.log
mar/server_2016-03-06.log
mar/server_2016-03-09.log
mar/server_2016-03-10.log
mar/server_2016-03-12.log
mar/server_2016-03-15.log
mar/server_2016-03-16.log
mar/server_2016-03-17.log
mar/server_2016-03-20.log
mar/server_2016-03-22.log
mar/server_2016-03-23.log
mar/server_2016-03-27.log
mar/server_2016-03-29.log
mar/server_2016-03-31.log


 Directory : apr 
apr/server_2016-04-01.log
apr/server_2016-04-03.log
apr/server_2016-04-07.log
apr/server_2016-04-15.log
apr/server_2016-04-16.log
apr/server_2016-04-21.log
apr/server_2016-04-27.log


 Directory : may 
may/server_2016-05-08.log
may/server_2016-05-10.log
may/server_2016-05-11.log
may/server_2016-05-15.log
may/server_2016-05-16.log
may/server_2016-05-20.log
may/server_2016-05-21.log
may/server_2016-05-24.log
may/server_2016-05-25.log
may/server_2016-05-27.log
may/server_2016-05-29.log


 Directory : jun 
jun/server_2016-06-03.log
jun/server_2016-06-10.log
jun/server_2016-06-14.log
jun/server_2016-06-16.log
jun/server_2016-06-19.log
jun/server_2016-06-24.log
jun/server_2016-06-26.log


 Directory : jul 
jul/server_2016-07-03.log
jul/server_2016-07-06.log
jul/server_2016-07-07.log
jul/server_2016-07-08.log
jul/server_2016-07-10.log
jul/server_2016-07-11.log
jul/server_2016-07-16.log
jul/server_2016-07-21.log
jul/server_2016-07-22.log
jul/server_2016-07-25.log
jul/server_2016-07-26.log
jul/server_2016-07-27.log
jul/server_2016-07-30.log


 Directory : aug 
aug/server_2016-08-02.log
aug/server_2016-08-07.log
aug/server_2016-08-08.log
aug/server_2016-08-10.log
aug/server_2016-08-13.log
aug/server_2016-08-15.log
aug/server_2016-08-21.log
aug/server_2016-08-24.log
aug/server_2016-08-25.log
aug/server_2016-08-29.log


 Directory : sep 
sep/server_2016-09-01.log
sep/server_2016-09-03.log
sep/server_2016-09-08.log
sep/server_2016-09-09.log
sep/server_2016-09-10.log
sep/server_2016-09-13.log
sep/server_2016-09-15.log
sep/server_2016-09-23.log
sep/server_2016-09-26.log
sep/server_2016-09-27.log


 Directory : oct 
oct/server_2016-10-03.log
oct/server_2016-10-05.log
oct/server_2016-10-09.log
oct/server_2016-10-11.log
oct/server_2016-10-22.log
oct/server_2016-10-23.log
oct/server_2016-10-24.log
oct/server_2016-10-25.log


 Directory : nov 
nov/server_2016-11-08.log
nov/server_2016-11-14.log
nov/server_2016-11-17.log
nov/server_2016-11-21.log
nov/server_2016-11-22.log
nov/server_2016-11-23.log
nov/server_2016-11-25.log
nov/server_2016-11-30.log


 Directory : dec 
dec/server_2016-12-01.log
dec/server_2016-12-09.log
dec/server_2016-12-10.log
dec/server_2016-12-18.log
dec/server_2016-12-21.log
dec/server_2016-12-27.log
dec/server_2016-12-28.log


 Directory : jan 
jan/server_2016-01-04.log
jan/server_2016-01-07.log
jan/server_2016-01-09.log
jan/server_2016-01-13.log
jan/server_2016-01-14.log
jan/server_2016-01-19.log
jan/server_2016-01-21.log
jan/server_2016-01-23.log
jan/server_2016-01-24.log
jan/server_2016-01-30.log


 Directory : feb 
feb/server_2016-02-01.log
feb/server_2016-02-02.log
feb/server_2016-02-04.log
feb/server_2016-02-10.log
feb/server_2016-02-11.log
feb/server_2016-02-12.log
feb/server_2016-02-15.log
feb/server_2016-02-19.log
feb/server_2016-02-21.log
feb/server_2016-02-22.log
feb/server_2016-02-26.log


 Directory : mar 
mar/server_2016-03-04.log
mar/server_2016-03-05.log
mar/server_2016-03-06.log
mar/server_2016-03-09.log
mar/server_2016-03-10.log
mar/server_2016-03-12.log
mar/server_2016-03-15.log
mar/server_2016-03-16.log
mar/server_2016-03-17.log
mar/server_2016-03-20.log
mar/server_2016-03-22.log
mar/server_2016-03-23.log
mar/server_2016-03-27.log
mar/server_2016-03-29.log
mar/server_2016-03-31.log


 Directory : apr 
apr/server_2016-04-01.log
apr/server_2016-04-03.log
apr/server_2016-04-07.log
apr/server_2016-04-15.log
apr/server_2016-04-16.log
apr/server_2016-04-21.log
apr/server_2016-04-27.log


 Directory : may 
may/server_2016-05-08.log
may/server_2016-05-10.log
may/server_2016-05-11.log
may/server_2016-05-15.log
may/server_2016-05-16.log
may/server_2016-05-20.log
may/server_2016-05-21.log
may/server_2016-05-24.log
may/server_2016-05-25.log
may/server_2016-05-27.log
may/server_2016-05-29.log


 Directory : jun 
jun/server_2016-06-03.log
jun/server_2016-06-10.log
jun/server_2016-06-14.log
jun/server_2016-06-16.log
jun/server_2016-06-19.log
jun/server_2016-06-24.log
jun/server_2016-06-26.log


 Directory : jul 
jul/server_2016-07-03.log
jul/server_2016-07-06.log
jul/server_2016-07-07.log
jul/server_2016-07-08.log
jul/server_2016-07-10.log
jul/server_2016-07-11.log
jul/server_2016-07-16.log
jul/server_2016-07-21.log
jul/server_2016-07-22.log
jul/server_2016-07-25.log
jul/server_2016-07-26.log
jul/server_2016-07-27.log
jul/server_2016-07-30.log


 Directory : aug 
aug/server_2016-08-02.log
aug/server_2016-08-07.log
aug/server_2016-08-08.log
aug/server_2016-08-10.log
aug/server_2016-08-13.log
aug/server_2016-08-15.log
aug/server_2016-08-21.log
aug/server_2016-08-24.log
aug/server_2016-08-25.log
aug/server_2016-08-29.log


 Directory : sep 
sep/server_2016-09-01.log
sep/server_2016-09-03.log
sep/server_2016-09-08.log
sep/server_2016-09-09.log
sep/server_2016-09-10.log
sep/server_2016-09-13.log
sep/server_2016-09-15.log
sep/server_2016-09-23.log
sep/server_2016-09-26.log
sep/server_2016-09-27.log


 Directory : oct 
oct/server_2016-10-03.log
oct/server_2016-10-05.log
oct/server_2016-10-09.log
oct/server_2016-10-11.log
oct/server_2016-10-22.log
oct/server_2016-10-23.log
oct/server_2016-10-24.log
oct/server_2016-10-25.log


 Directory : nov 
nov/server_2016-11-08.log
nov/server_2016-11-14.log
nov/server_2016-11-17.log
nov/server_2016-11-21.log
nov/server_2016-11-22.log
nov/server_2016-11-23.log
nov/server_2016-11-25.log
nov/server_2016-11-30.log


 Directory : dec 
dec/server_2016-12-01.log
dec/server_2016-12-09.log
dec/server_2016-12-10.log
dec/server_2016-12-18.log
dec/server_2016-12-21.log
dec/server_2016-12-27.log
dec/server_2016-12-28.log


 Directory : jan 
-rw-rw-r-- 1 admin03 admin03  4 May 27 12:29 jan/server_2016-01-04.log
-rw-rw-r-- 1 admin03 admin03  7 May 27 12:29 jan/server_2016-01-07.log
-rw-rw-r-- 1 admin03 admin03  9 May 27 12:29 jan/server_2016-01-09.log
-rw-rw-r-- 1 admin03 admin03 13 May 27 12:29 jan/server_2016-01-13.log
-rw-rw-r-- 1 admin03 admin03 14 May 27 12:29 jan/server_2016-01-14.log
-rw-rw-r-- 1 admin03 admin03 19 May 27 12:29 jan/server_2016-01-19.log
-rw-rw-r-- 1 admin03 admin03 21 May 27 12:29 jan/server_2016-01-21.log
-rw-rw-r-- 1 admin03 admin03 23 May 27 12:29 jan/server_2016-01-23.log
-rw-rw-r-- 1 admin03 admin03 24 May 27 12:29 jan/server_2016-01-24.log
-rw-rw-r-- 1 admin03 admin03 30 May 27 12:29 jan/server_2016-01-30.log


 Directory : feb 
-rw-rw-r-- 1 admin03 admin03  1 May 27 12:29 feb/server_2016-02-01.log
-rw-rw-r-- 1 admin03 admin03  2 May 27 12:29 feb/server_2016-02-02.log
-rw-rw-r-- 1 admin03 admin03  4 May 27 12:29 feb/server_2016-02-04.log
-rw-rw-r-- 1 admin03 admin03 10 May 27 12:29 feb/server_2016-02-10.log
-rw-rw-r-- 1 admin03 admin03 11 May 27 12:29 feb/server_2016-02-11.log
-rw-rw-r-- 1 admin03 admin03 12 May 27 12:29 feb/server_2016-02-12.log
-rw-rw-r-- 1 admin03 admin03 15 May 27 12:29 feb/server_2016-02-15.log
-rw-rw-r-- 1 admin03 admin03 19 May 27 12:29 feb/server_2016-02-19.log
-rw-rw-r-- 1 admin03 admin03 21 May 27 12:29 feb/server_2016-02-21.log
-rw-rw-r-- 1 admin03 admin03 22 May 27 12:29 feb/server_2016-02-22.log
-rw-rw-r-- 1 admin03 admin03 26 May 27 12:29 feb/server_2016-02-26.log


 Directory : mar 
-rw-rw-r-- 1 admin03 admin03  4 May 27 12:29 mar/server_2016-03-04.log
-rw-rw-r-- 1 admin03 admin03  5 May 27 12:29 mar/server_2016-03-05.log
-rw-rw-r-- 1 admin03 admin03  6 May 27 12:29 mar/server_2016-03-06.log
-rw-rw-r-- 1 admin03 admin03  9 May 27 12:29 mar/server_2016-03-09.log
-rw-rw-r-- 1 admin03 admin03 10 May 27 12:29 mar/server_2016-03-10.log
-rw-rw-r-- 1 admin03 admin03 12 May 27 12:29 mar/server_2016-03-12.log
-rw-rw-r-- 1 admin03 admin03 15 May 27 12:29 mar/server_2016-03-15.log
-rw-rw-r-- 1 admin03 admin03 16 May 27 12:29 mar/server_2016-03-16.log
-rw-rw-r-- 1 admin03 admin03 17 May 27 12:29 mar/server_2016-03-17.log
-rw-rw-r-- 1 admin03 admin03 20 May 27 12:29 mar/server_2016-03-20.log
-rw-rw-r-- 1 admin03 admin03 22 May 27 12:29 mar/server_2016-03-22.log
-rw-rw-r-- 1 admin03 admin03 23 May 27 12:29 mar/server_2016-03-23.log
-rw-rw-r-- 1 admin03 admin03 27 May 27 12:29 mar/server_2016-03-27.log
-rw-rw-r-- 1 admin03 admin03 29 May 27 12:29 mar/server_2016-03-29.log
-rw-rw-r-- 1 admin03 admin03 31 May 27 12:29 mar/server_2016-03-31.log


 Directory : apr 
-rw-rw-r-- 1 admin03 admin03  1 May 27 12:29 apr/server_2016-04-01.log
-rw-rw-r-- 1 admin03 admin03  3 May 27 12:29 apr/server_2016-04-03.log
-rw-rw-r-- 1 admin03 admin03  7 May 27 12:29 apr/server_2016-04-07.log
-rw-rw-r-- 1 admin03 admin03 15 May 27 12:29 apr/server_2016-04-15.log
-rw-rw-r-- 1 admin03 admin03 16 May 27 12:29 apr/server_2016-04-16.log
-rw-rw-r-- 1 admin03 admin03 21 May 27 12:29 apr/server_2016-04-21.log
-rw-rw-r-- 1 admin03 admin03 27 May 27 12:29 apr/server_2016-04-27.log


 Directory : may 
-rw-rw-r-- 1 admin03 admin03  8 May 27 12:29 may/server_2016-05-08.log
-rw-rw-r-- 1 admin03 admin03 10 May 27 12:29 may/server_2016-05-10.log
-rw-rw-r-- 1 admin03 admin03 11 May 27 12:29 may/server_2016-05-11.log
-rw-rw-r-- 1 admin03 admin03 15 May 27 12:29 may/server_2016-05-15.log
-rw-rw-r-- 1 admin03 admin03 16 May 27 12:29 may/server_2016-05-16.log
-rw-rw-r-- 1 admin03 admin03 20 May 27 12:29 may/server_2016-05-20.log
-rw-rw-r-- 1 admin03 admin03 21 May 27 12:29 may/server_2016-05-21.log
-rw-rw-r-- 1 admin03 admin03 24 May 27 12:29 may/server_2016-05-24.log
-rw-rw-r-- 1 admin03 admin03 25 May 27 12:29 may/server_2016-05-25.log
-rw-rw-r-- 1 admin03 admin03 27 May 27 12:29 may/server_2016-05-27.log
-rw-rw-r-- 1 admin03 admin03 29 May 27 12:29 may/server_2016-05-29.log


 Directory : jun 
-rw-rw-r-- 1 admin03 admin03  3 May 27 12:29 jun/server_2016-06-03.log
-rw-rw-r-- 1 admin03 admin03 10 May 27 12:29 jun/server_2016-06-10.log
-rw-rw-r-- 1 admin03 admin03 14 May 27 12:29 jun/server_2016-06-14.log
-rw-rw-r-- 1 admin03 admin03 16 May 27 12:29 jun/server_2016-06-16.log
-rw-rw-r-- 1 admin03 admin03 19 May 27 12:29 jun/server_2016-06-19.log
-rw-rw-r-- 1 admin03 admin03 24 May 27 12:29 jun/server_2016-06-24.log
-rw-rw-r-- 1 admin03 admin03 26 May 27 12:29 jun/server_2016-06-26.log


 Directory : jul 
-rw-rw-r-- 1 admin03 admin03  3 May 27 12:29 jul/server_2016-07-03.log
-rw-rw-r-- 1 admin03 admin03  6 May 27 12:29 jul/server_2016-07-06.log
-rw-rw-r-- 1 admin03 admin03  7 May 27 12:29 jul/server_2016-07-07.log
-rw-rw-r-- 1 admin03 admin03  8 May 27 12:29 jul/server_2016-07-08.log
-rw-rw-r-- 1 admin03 admin03 10 May 27 12:29 jul/server_2016-07-10.log
-rw-rw-r-- 1 admin03 admin03 11 May 27 12:29 jul/server_2016-07-11.log
-rw-rw-r-- 1 admin03 admin03 16 May 27 12:29 jul/server_2016-07-16.log
-rw-rw-r-- 1 admin03 admin03 21 May 27 12:29 jul/server_2016-07-21.log
-rw-rw-r-- 1 admin03 admin03 22 May 27 12:29 jul/server_2016-07-22.log
-rw-rw-r-- 1 admin03 admin03 25 May 27 12:29 jul/server_2016-07-25.log
-rw-rw-r-- 1 admin03 admin03 26 May 27 12:29 jul/server_2016-07-26.log
-rw-rw-r-- 1 admin03 admin03 27 May 27 12:29 jul/server_2016-07-27.log
-rw-rw-r-- 1 admin03 admin03 30 May 27 12:29 jul/server_2016-07-30.log


 Directory : aug 
-rw-rw-r-- 1 admin03 admin03  2 May 27 12:29 aug/server_2016-08-02.log
-rw-rw-r-- 1 admin03 admin03  7 May 27 12:29 aug/server_2016-08-07.log
-rw-rw-r-- 1 admin03 admin03  8 May 27 12:29 aug/server_2016-08-08.log
-rw-rw-r-- 1 admin03 admin03 10 May 27 12:29 aug/server_2016-08-10.log
-rw-rw-r-- 1 admin03 admin03 13 May 27 12:29 aug/server_2016-08-13.log
-rw-rw-r-- 1 admin03 admin03 15 May 27 12:29 aug/server_2016-08-15.log
-rw-rw-r-- 1 admin03 admin03 21 May 27 12:29 aug/server_2016-08-21.log
-rw-rw-r-- 1 admin03 admin03 24 May 27 12:29 aug/server_2016-08-24.log
-rw-rw-r-- 1 admin03 admin03 25 May 27 12:29 aug/server_2016-08-25.log
-rw-rw-r-- 1 admin03 admin03 29 May 27 12:29 aug/server_2016-08-29.log


 Directory : sep 
-rw-rw-r-- 1 admin03 admin03  1 May 27 12:29 sep/server_2016-09-01.log
-rw-rw-r-- 1 admin03 admin03  3 May 27 12:29 sep/server_2016-09-03.log
-rw-rw-r-- 1 admin03 admin03  8 May 27 12:29 sep/server_2016-09-08.log
-rw-rw-r-- 1 admin03 admin03  9 May 27 12:29 sep/server_2016-09-09.log
-rw-rw-r-- 1 admin03 admin03 10 May 27 12:29 sep/server_2016-09-10.log
-rw-rw-r-- 1 admin03 admin03 13 May 27 12:29 sep/server_2016-09-13.log
-rw-rw-r-- 1 admin03 admin03 15 May 27 12:29 sep/server_2016-09-15.log
-rw-rw-r-- 1 admin03 admin03 23 May 27 12:29 sep/server_2016-09-23.log
-rw-rw-r-- 1 admin03 admin03 26 May 27 12:29 sep/server_2016-09-26.log
-rw-rw-r-- 1 admin03 admin03 27 May 27 12:29 sep/server_2016-09-27.log


 Directory : oct 
-rw-rw-r-- 1 admin03 admin03  3 May 27 12:29 oct/server_2016-10-03.log
-rw-rw-r-- 1 admin03 admin03  5 May 27 12:29 oct/server_2016-10-05.log
-rw-rw-r-- 1 admin03 admin03  9 May 27 12:29 oct/server_2016-10-09.log
-rw-rw-r-- 1 admin03 admin03 11 May 27 12:29 oct/server_2016-10-11.log
-rw-rw-r-- 1 admin03 admin03 22 May 27 12:29 oct/server_2016-10-22.log
-rw-rw-r-- 1 admin03 admin03 23 May 27 12:29 oct/server_2016-10-23.log
-rw-rw-r-- 1 admin03 admin03 24 May 27 12:29 oct/server_2016-10-24.log
-rw-rw-r-- 1 admin03 admin03 25 May 27 12:29 oct/server_2016-10-25.log


 Directory : nov 
-rw-rw-r-- 1 admin03 admin03  8 May 27 12:29 nov/server_2016-11-08.log
-rw-rw-r-- 1 admin03 admin03 14 May 27 12:29 nov/server_2016-11-14.log
-rw-rw-r-- 1 admin03 admin03 17 May 27 12:29 nov/server_2016-11-17.log
-rw-rw-r-- 1 admin03 admin03 21 May 27 12:29 nov/server_2016-11-21.log
-rw-rw-r-- 1 admin03 admin03 22 May 27 12:29 nov/server_2016-11-22.log
-rw-rw-r-- 1 admin03 admin03 23 May 27 12:29 nov/server_2016-11-23.log
-rw-rw-r-- 1 admin03 admin03 25 May 27 12:29 nov/server_2016-11-25.log
-rw-rw-r-- 1 admin03 admin03 30 May 27 12:29 nov/server_2016-11-30.log


 Directory : dec 
-rw-rw-r-- 1 admin03 admin03  1 May 27 12:29 dec/server_2016-12-01.log
-rw-rw-r-- 1 admin03 admin03  9 May 27 12:29 dec/server_2016-12-09.log
-rw-rw-r-- 1 admin03 admin03 10 May 27 12:29 dec/server_2016-12-10.log
-rw-rw-r-- 1 admin03 admin03 18 May 27 12:29 dec/server_2016-12-18.log
-rw-rw-r-- 1 admin03 admin03 21 May 27 12:29 dec/server_2016-12-21.log
-rw-rw-r-- 1 admin03 admin03 27 May 27 12:29 dec/server_2016-12-27.log
-rw-rw-r-- 1 admin03 admin03 28 May 27 12:29 dec/server_2016-12-28.log


 Directory : jan 
 
-rw-rw-r-- 1 admin03 admin03  4 May 27 12:36 jan/server_2016-01-04.log
-rw-rw-r-- 1 admin03 admin03  7 May 27 12:36 jan/server_2016-01-07.log
-rw-rw-r-- 1 admin03 admin03  9 May 27 12:36 jan/server_2016-01-09.log
-rw-rw-r-- 1 admin03 admin03 13 May 27 12:36 jan/server_2016-01-13.log
-rw-rw-r-- 1 admin03 admin03 14 May 27 12:36 jan/server_2016-01-14.log
-rw-rw-r-- 1 admin03 admin03 19 May 27 12:36 jan/server_2016-01-19.log
-rw-rw-r-- 1 admin03 admin03 21 May 27 12:36 jan/server_2016-01-21.log
-rw-rw-r-- 1 admin03 admin03 23 May 27 12:36 jan/server_2016-01-23.log
-rw-rw-r-- 1 admin03 admin03 24 May 27 12:36 jan/server_2016-01-24.log
-rw-rw-r-- 1 admin03 admin03 30 May 27 12:36 jan/server_2016-01-30.log


 Directory : feb 
 
-rw-rw-r-- 1 admin03 admin03  1 May 27 12:36 feb/server_2016-02-01.log
-rw-rw-r-- 1 admin03 admin03  2 May 27 12:36 feb/server_2016-02-02.log
-rw-rw-r-- 1 admin03 admin03  4 May 27 12:36 feb/server_2016-02-04.log
-rw-rw-r-- 1 admin03 admin03 10 May 27 12:36 feb/server_2016-02-10.log
-rw-rw-r-- 1 admin03 admin03 11 May 27 12:36 feb/server_2016-02-11.log
-rw-rw-r-- 1 admin03 admin03 12 May 27 12:36 feb/server_2016-02-12.log
-rw-rw-r-- 1 admin03 admin03 15 May 27 12:36 feb/server_2016-02-15.log
-rw-rw-r-- 1 admin03 admin03 19 May 27 12:36 feb/server_2016-02-19.log
-rw-rw-r-- 1 admin03 admin03 21 May 27 12:36 feb/server_2016-02-21.log
-rw-rw-r-- 1 admin03 admin03 22 May 27 12:36 feb/server_2016-02-22.log
-rw-rw-r-- 1 admin03 admin03 26 May 27 12:36 feb/server_2016-02-26.log


 Directory : mar 
 
-rw-rw-r-- 1 admin03 admin03  4 May 27 12:36 mar/server_2016-03-04.log
-rw-rw-r-- 1 admin03 admin03  5 May 27 12:36 mar/server_2016-03-05.log
-rw-rw-r-- 1 admin03 admin03  6 May 27 12:36 mar/server_2016-03-06.log
-rw-rw-r-- 1 admin03 admin03  9 May 27 12:36 mar/server_2016-03-09.log
-rw-rw-r-- 1 admin03 admin03 10 May 27 12:36 mar/server_2016-03-10.log
-rw-rw-r-- 1 admin03 admin03 12 May 27 12:36 mar/server_2016-03-12.log
-rw-rw-r-- 1 admin03 admin03 15 May 27 12:36 mar/server_2016-03-15.log
-rw-rw-r-- 1 admin03 admin03 16 May 27 12:36 mar/server_2016-03-16.log
-rw-rw-r-- 1 admin03 admin03 17 May 27 12:36 mar/server_2016-03-17.log
-rw-rw-r-- 1 admin03 admin03 20 May 27 12:36 mar/server_2016-03-20.log
-rw-rw-r-- 1 admin03 admin03 22 May 27 12:36 mar/server_2016-03-22.log
-rw-rw-r-- 1 admin03 admin03 23 May 27 12:36 mar/server_2016-03-23.log
-rw-rw-r-- 1 admin03 admin03 27 May 27 12:36 mar/server_2016-03-27.log
-rw-rw-r-- 1 admin03 admin03 29 May 27 12:36 mar/server_2016-03-29.log
-rw-rw-r-- 1 admin03 admin03 31 May 27 12:36 mar/server_2016-03-31.log


 Directory : apr 
 
-rw-rw-r-- 1 admin03 admin03  1 May 27 12:36 apr/server_2016-04-01.log
-rw-rw-r-- 1 admin03 admin03  3 May 27 12:36 apr/server_2016-04-03.log
-rw-rw-r-- 1 admin03 admin03  7 May 27 12:36 apr/server_2016-04-07.log
-rw-rw-r-- 1 admin03 admin03 15 May 27 12:36 apr/server_2016-04-15.log
-rw-rw-r-- 1 admin03 admin03 16 May 27 12:36 apr/server_2016-04-16.log
-rw-rw-r-- 1 admin03 admin03 21 May 27 12:36 apr/server_2016-04-21.log
-rw-rw-r-- 1 admin03 admin03 27 May 27 12:36 apr/server_2016-04-27.log


 Directory : may 
 
-rw-rw-r-- 1 admin03 admin03  8 May 27 12:36 may/server_2016-05-08.log
-rw-rw-r-- 1 admin03 admin03 10 May 27 12:36 may/server_2016-05-10.log
-rw-rw-r-- 1 admin03 admin03 11 May 27 12:36 may/server_2016-05-11.log
-rw-rw-r-- 1 admin03 admin03 15 May 27 12:36 may/server_2016-05-15.log
-rw-rw-r-- 1 admin03 admin03 16 May 27 12:36 may/server_2016-05-16.log
-rw-rw-r-- 1 admin03 admin03 20 May 27 12:36 may/server_2016-05-20.log
-rw-rw-r-- 1 admin03 admin03 21 May 27 12:36 may/server_2016-05-21.log
-rw-rw-r-- 1 admin03 admin03 24 May 27 12:36 may/server_2016-05-24.log
-rw-rw-r-- 1 admin03 admin03 25 May 27 12:36 may/server_2016-05-25.log
-rw-rw-r-- 1 admin03 admin03 27 May 27 12:36 may/server_2016-05-27.log
-rw-rw-r-- 1 admin03 admin03 29 May 27 12:36 may/server_2016-05-29.log


 Directory : jun 
 
-rw-rw-r-- 1 admin03 admin03  3 May 27 12:36 jun/server_2016-06-03.log
-rw-rw-r-- 1 admin03 admin03 10 May 27 12:36 jun/server_2016-06-10.log
-rw-rw-r-- 1 admin03 admin03 14 May 27 12:36 jun/server_2016-06-14.log
-rw-rw-r-- 1 admin03 admin03 16 May 27 12:36 jun/server_2016-06-16.log
-rw-rw-r-- 1 admin03 admin03 19 May 27 12:36 jun/server_2016-06-19.log
-rw-rw-r-- 1 admin03 admin03 24 May 27 12:36 jun/server_2016-06-24.log
-rw-rw-r-- 1 admin03 admin03 26 May 27 12:36 jun/server_2016-06-26.log


 Directory : jul 
 
-rw-rw-r-- 1 admin03 admin03  3 May 27 12:36 jul/server_2016-07-03.log
-rw-rw-r-- 1 admin03 admin03  6 May 27 12:36 jul/server_2016-07-06.log
-rw-rw-r-- 1 admin03 admin03  7 May 27 12:36 jul/server_2016-07-07.log
-rw-rw-r-- 1 admin03 admin03  8 May 27 12:36 jul/server_2016-07-08.log
-rw-rw-r-- 1 admin03 admin03 10 May 27 12:36 jul/server_2016-07-10.log
-rw-rw-r-- 1 admin03 admin03 11 May 27 12:36 jul/server_2016-07-11.log
-rw-rw-r-- 1 admin03 admin03 16 May 27 12:36 jul/server_2016-07-16.log
-rw-rw-r-- 1 admin03 admin03 21 May 27 12:36 jul/server_2016-07-21.log
-rw-rw-r-- 1 admin03 admin03 22 May 27 12:36 jul/server_2016-07-22.log
-rw-rw-r-- 1 admin03 admin03 25 May 27 12:36 jul/server_2016-07-25.log
-rw-rw-r-- 1 admin03 admin03 26 May 27 12:36 jul/server_2016-07-26.log
-rw-rw-r-- 1 admin03 admin03 27 May 27 12:36 jul/server_2016-07-27.log
-rw-rw-r-- 1 admin03 admin03 30 May 27 12:36 jul/server_2016-07-30.log


 Directory : aug 
 
-rw-rw-r-- 1 admin03 admin03  2 May 27 12:36 aug/server_2016-08-02.log
-rw-rw-r-- 1 admin03 admin03  7 May 27 12:36 aug/server_2016-08-07.log
-rw-rw-r-- 1 admin03 admin03  8 May 27 12:36 aug/server_2016-08-08.log
-rw-rw-r-- 1 admin03 admin03 10 May 27 12:36 aug/server_2016-08-10.log
-rw-rw-r-- 1 admin03 admin03 13 May 27 12:36 aug/server_2016-08-13.log
-rw-rw-r-- 1 admin03 admin03 15 May 27 12:36 aug/server_2016-08-15.log
-rw-rw-r-- 1 admin03 admin03 21 May 27 12:36 aug/server_2016-08-21.log
-rw-rw-r-- 1 admin03 admin03 24 May 27 12:36 aug/server_2016-08-24.log
-rw-rw-r-- 1 admin03 admin03 25 May 27 12:36 aug/server_2016-08-25.log
-rw-rw-r-- 1 admin03 admin03 29 May 27 12:36 aug/server_2016-08-29.log


 Directory : sep 
 
-rw-rw-r-- 1 admin03 admin03  1 May 27 12:36 sep/server_2016-09-01.log
-rw-rw-r-- 1 admin03 admin03  3 May 27 12:36 sep/server_2016-09-03.log
-rw-rw-r-- 1 admin03 admin03  8 May 27 12:36 sep/server_2016-09-08.log
-rw-rw-r-- 1 admin03 admin03  9 May 27 12:36 sep/server_2016-09-09.log
-rw-rw-r-- 1 admin03 admin03 10 May 27 12:36 sep/server_2016-09-10.log
-rw-rw-r-- 1 admin03 admin03 13 May 27 12:36 sep/server_2016-09-13.log
-rw-rw-r-- 1 admin03 admin03 15 May 27 12:36 sep/server_2016-09-15.log
-rw-rw-r-- 1 admin03 admin03 23 May 27 12:36 sep/server_2016-09-23.log
-rw-rw-r-- 1 admin03 admin03 26 May 27 12:36 sep/server_2016-09-26.log
-rw-rw-r-- 1 admin03 admin03 27 May 27 12:36 sep/server_2016-09-27.log


 Directory : oct 
 
-rw-rw-r-- 1 admin03 admin03  3 May 27 12:36 oct/server_2016-10-03.log
-rw-rw-r-- 1 admin03 admin03  5 May 27 12:36 oct/server_2016-10-05.log
-rw-rw-r-- 1 admin03 admin03  9 May 27 12:36 oct/server_2016-10-09.log
-rw-rw-r-- 1 admin03 admin03 11 May 27 12:36 oct/server_2016-10-11.log
-rw-rw-r-- 1 admin03 admin03 22 May 27 12:36 oct/server_2016-10-22.log
-rw-rw-r-- 1 admin03 admin03 23 May 27 12:36 oct/server_2016-10-23.log
-rw-rw-r-- 1 admin03 admin03 24 May 27 12:36 oct/server_2016-10-24.log
-rw-rw-r-- 1 admin03 admin03 25 May 27 12:36 oct/server_2016-10-25.log


 Directory : nov 
 
-rw-rw-r-- 1 admin03 admin03  8 May 27 12:36 nov/server_2016-11-08.log
-rw-rw-r-- 1 admin03 admin03 14 May 27 12:36 nov/server_2016-11-14.log
-rw-rw-r-- 1 admin03 admin03 17 May 27 12:36 nov/server_2016-11-17.log
-rw-rw-r-- 1 admin03 admin03 21 May 27 12:36 nov/server_2016-11-21.log
-rw-rw-r-- 1 admin03 admin03 22 May 27 12:36 nov/server_2016-11-22.log
-rw-rw-r-- 1 admin03 admin03 23 May 27 12:36 nov/server_2016-11-23.log
-rw-rw-r-- 1 admin03 admin03 25 May 27 12:36 nov/server_2016-11-25.log
-rw-rw-r-- 1 admin03 admin03 30 May 27 12:36 nov/server_2016-11-30.log


 Directory : dec 
 
-rw-rw-r-- 1 admin03 admin03  1 May 27 12:36 dec/server_2016-12-01.log
-rw-rw-r-- 1 admin03 admin03  9 May 27 12:36 dec/server_2016-12-09.log
-rw-rw-r-- 1 admin03 admin03 10 May 27 12:36 dec/server_2016-12-10.log
-rw-rw-r-- 1 admin03 admin03 18 May 27 12:36 dec/server_2016-12-18.log
-rw-rw-r-- 1 admin03 admin03 21 May 27 12:36 dec/server_2016-12-21.log
-rw-rw-r-- 1 admin03 admin03 27 May 27 12:36 dec/server_2016-12-27.log
-rw-rw-r-- 1 admin03 admin03 28 May 27 12:36 dec/server_2016-12-28.log

